[0m21:27:25.734605 [debug] [MainThread]: Sending event: {'category': 'dbt', 'action': 'invocation', 'label': 'start', 'context': [<snowplow_tracker.self_describing_json.SelfDescribingJson object at 0x7fbf86af4220>, <snowplow_tracker.self_describing_json.SelfDescribingJson object at 0x7fbf854560a0>, <snowplow_tracker.self_describing_json.SelfDescribingJson object at 0x7fbf85456100>]}


============================== 21:27:25.737689 | 5f83d025-3ba5-4c49-b243-6e164e17400c ==============================
[0m21:27:25.737689 [info ] [MainThread]: Running with dbt=1.5.2
[0m21:27:25.738255 [debug] [MainThread]: running dbt with arguments {'printer_width': '80', 'indirect_selection': 'eager', 'log_cache_events': 'False', 'write_json': 'True', 'partial_parse': 'True', 'cache_selected_only': 'False', 'warn_error': 'None', 'debug': 'False', 'profiles_dir': '/home/guilherme_laercio/.dbt', 'log_path': 'logs', 'version_check': 'True', 'fail_fast': 'False', 'use_colors': 'True', 'use_experimental_parser': 'False', 'no_print': 'None', 'quiet': 'False', 'warn_error_options': 'WarnErrorOptions(include=[], exclude=[])', 'static_parser': 'True', 'introspect': 'True', 'log_format': 'default', 'target_path': 'None', 'send_anonymous_usage_stats': 'True'}
[0m21:28:01.417976 [debug] [MainThread]: Starter project path: /home/guilherme_laercio/projects/dbt-course/venv/lib/python3.9/site-packages/dbt/include/starter_project
[0m21:29:45.671991 [info ] [MainThread]: Profile jaffle_shop written to /home/guilherme_laercio/.dbt/profiles.yml using target's profile_template.yml and your supplied values. Run 'dbt debug' to validate the connection.
[0m21:29:45.672696 [info ] [MainThread]: 
Your new dbt project "jaffle_shop" was created!

For more information on how to configure the profiles.yml file,
please consult the dbt documentation here:

  https://docs.getdbt.com/docs/configure-your-profile

One more thing:

Need help? Don't hesitate to reach out to us via GitHub issues or on Slack:

  https://community.getdbt.com/

Happy modeling!

[0m21:29:45.673802 [debug] [MainThread]: Command `dbt init` succeeded at 21:29:45.673604 after 139.95 seconds
[0m21:29:45.674300 [debug] [MainThread]: Sending event: {'category': 'dbt', 'action': 'invocation', 'label': 'end', 'context': [<snowplow_tracker.self_describing_json.SelfDescribingJson object at 0x7fbf86af4220>, <snowplow_tracker.self_describing_json.SelfDescribingJson object at 0x7fbf832e04c0>, <snowplow_tracker.self_describing_json.SelfDescribingJson object at 0x7fbf832e04f0>]}
[0m21:29:45.674991 [debug] [MainThread]: Flushing usage events
[0m21:31:56.725036 [debug] [MainThread]: Sending event: {'category': 'dbt', 'action': 'invocation', 'label': 'start', 'context': [<snowplow_tracker.self_describing_json.SelfDescribingJson object at 0x7f3abd53ffd0>, <snowplow_tracker.self_describing_json.SelfDescribingJson object at 0x7f3abbea2070>, <snowplow_tracker.self_describing_json.SelfDescribingJson object at 0x7f3abbea20d0>]}


============================== 21:31:56.728278 | a5ce2249-7821-490b-a048-09b744366041 ==============================
[0m21:31:56.728278 [info ] [MainThread]: Running with dbt=1.5.2
[0m21:31:56.728880 [debug] [MainThread]: running dbt with arguments {'printer_width': '80', 'indirect_selection': 'eager', 'write_json': 'True', 'log_cache_events': 'False', 'partial_parse': 'True', 'cache_selected_only': 'False', 'profiles_dir': '/home/guilherme_laercio/.dbt', 'debug': 'False', 'fail_fast': 'False', 'log_path': 'logs', 'version_check': 'True', 'warn_error': 'None', 'use_colors': 'True', 'use_experimental_parser': 'False', 'no_print': 'None', 'quiet': 'False', 'warn_error_options': 'WarnErrorOptions(include=[], exclude=[])', 'static_parser': 'True', 'introspect': 'True', 'log_format': 'default', 'target_path': 'None', 'send_anonymous_usage_stats': 'True'}
[0m21:31:56.729604 [error] [MainThread]: Encountered an error:
Runtime Error
  No dbt_project.yml found at expected path /home/guilherme_laercio/projects/dbt-course/dbt_project.yml
  Verify that each entry within packages.yml (and their transitive dependencies) contains a file named dbt_project.yml
  
[0m21:31:56.730404 [debug] [MainThread]: Command `dbt deps` failed at 21:31:56.730263 after 0.02 seconds
[0m21:31:56.730834 [debug] [MainThread]: Sending event: {'category': 'dbt', 'action': 'invocation', 'label': 'end', 'context': [<snowplow_tracker.self_describing_json.SelfDescribingJson object at 0x7f3abd53ffd0>, <snowplow_tracker.self_describing_json.SelfDescribingJson object at 0x7f3abbea22e0>, <snowplow_tracker.self_describing_json.SelfDescribingJson object at 0x7f3abbea2640>]}
[0m21:31:56.731250 [debug] [MainThread]: Flushing usage events
